# JRE version: Java(TM) SE Runtime Environment (8.0_171-b11) (build 1.8.0_171-b11)
# Java VM: Java HotSpot(TM) 64-Bit Server VM (25.171-b11 mixed mode windows-amd64 compressed oops)
Heap:
 PSYoungGen      total 116736K, used 17276K [0x00000000e0800000, 0x00000000eeb00000, 0x0000000100000000)
  eden space 98304K, 17% used [0x00000000e0800000,0x00000000e18bf200,0x00000000e6800000)
  from space 18432K, 0% used [0x00000000e6800000,0x00000000e6820000,0x00000000e7a00000)
  to   space 17920K, 0% used [0x00000000ed980000,0x00000000ed980000,0x00000000eeb00000)
 ParOldGen       total 65536K, used 20178K [0x00000000a1800000, 0x00000000a5800000, 0x00000000e0800000)
  object space 65536K, 30% used [0x00000000a1800000,0x00000000a2bb4bf0,0x00000000a5800000)
 Metaspace       used 10899K, capacity 11237K, committed 11520K, reserved 1058816K
  class space    used 1052K, capacity 1177K, committed 1280K, reserved 1048576K
GC Heap History (10 events):
Event: 1.572 GC heap before
{Heap before GC invocations=3 (full 0):
 PSYoungGen      total 28672K, used 28654K [0x00000000e0800000, 0x00000000e4000000, 0x0000000100000000)
  eden space 24576K, 100% used [0x00000000e0800000,0x00000000e2000000,0x00000000e2000000)
  from space 4096K, 99% used [0x00000000e2400000,0x00000000e27fbbf8,0x00000000e2800000)
  to   space 4096K, 0% used [0x00000000e2000000,0x00000000e2000000,0x00000000e2400000)
 ParOldGen       total 65536K, used 15655K [0x00000000a1800000, 0x00000000a5800000, 0x00000000e0800000)
  object space 65536K, 23% used [0x00000000a1800000,0x00000000a2749fa8,0x00000000a5800000)
 Metaspace       used 10750K, capacity 11037K, committed 11136K, reserved 1058816K
  class space    used 1029K, capacity 1133K, committed 1152K, reserved 1048576K
Event: 1.585 GC heap after
Heap after GC invocations=3 (full 0):
 PSYoungGen      total 28672K, used 4053K [0x00000000e0800000, 0x00000000e4000000, 0x0000000100000000)
  eden space 24576K, 0% used [0x00000000e0800000,0x00000000e0800000,0x00000000e2000000)
  from space 4096K, 98% used [0x00000000e2000000,0x00000000e23f55d8,0x00000000e2400000)
  to   space 4096K, 0% used [0x00000000e3c00000,0x00000000e3c00000,0x00000000e4000000)
 ParOldGen       total 65536K, used 15663K [0x00000000a1800000, 0x00000000a5800000, 0x00000000e0800000)
  object space 65536K, 23% used [0x00000000a1800000,0x00000000a274bfa8,0x00000000a5800000)
 Metaspace       used 10750K, capacity 11037K, committed 11136K, reserved 1058816K
  class space    used 1029K, capacity 1133K, committed 1152K, reserved 1048576K
}
Event: 1.653 GC heap before
{Heap before GC invocations=4 (full 0):
 PSYoungGen      total 28672K, used 28629K [0x00000000e0800000, 0x00000000e4000000, 0x0000000100000000)
  eden space 24576K, 100% used [0x00000000e0800000,0x00000000e2000000,0x00000000e2000000)
  from space 4096K, 98% used [0x00000000e2000000,0x00000000e23f55d8,0x00000000e2400000)
  to   space 4096K, 0% used [0x00000000e3c00000,0x00000000e3c00000,0x00000000e4000000)
 ParOldGen       total 65536K, used 15665K [0x00000000a1800000, 0x00000000a5800000, 0x00000000e0800000)
  object space 65536K, 23% used [0x00000000a1800000,0x00000000a274c488,0x00000000a5800000)
 Metaspace       used 10783K, capacity 11037K, committed 11136K, reserved 1058816K
  class space    used 1031K, capacity 1133K, committed 1152K, reserved 1048576K
Event: 1.669 GC heap after
Heap after GC invocations=4 (full 0):
 PSYoungGen      total 53248K, used 3188K [0x00000000e0800000, 0x00000000e4000000, 0x0000000100000000)
  eden space 49152K, 0% used [0x00000000e0800000,0x00000000e0800000,0x00000000e3800000)
  from space 4096K, 77% used [0x00000000e3c00000,0x00000000e3f1d270,0x00000000e4000000)
  to   space 4096K, 0% used [0x00000000e3800000,0x00000000e3800000,0x00000000e3c00000)
 ParOldGen       total 65536K, used 15673K [0x00000000a1800000, 0x00000000a5800000, 0x00000000e0800000)
  object space 65536K, 23% used [0x00000000a1800000,0x00000000a274e488,0x00000000a5800000)
 Metaspace       used 10783K, capacity 11037K, committed 11136K, reserved 1058816K
  class space    used 1031K, capacity 1133K, committed 1152K, reserved 1048576K
}
Event: 1.771 GC heap before
{Heap before GC invocations=5 (full 0):
 PSYoungGen      total 53248K, used 52340K [0x00000000e0800000, 0x00000000e4000000, 0x0000000100000000)
  eden space 49152K, 100% used [0x00000000e0800000,0x00000000e3800000,0x00000000e3800000)
  from space 4096K, 77% used [0x00000000e3c00000,0x00000000e3f1d270,0x00000000e4000000)
  to   space 4096K, 0% used [0x00000000e3800000,0x00000000e3800000,0x00000000e3c00000)
 ParOldGen       total 65536K, used 15673K [0x00000000a1800000, 0x00000000a5800000, 0x00000000e0800000)
  object space 65536K, 23% used [0x00000000a1800000,0x00000000a274e488,0x00000000a5800000)
 Metaspace       used 10895K, capacity 11237K, committed 11520K, reserved 1058816K
  class space    used 1052K, capacity 1177K, committed 1280K, reserved 1048576K
Event: 1.776 GC heap after
Heap after GC invocations=5 (full 0):
 PSYoungGen      total 53248K, used 3220K [0x00000000e0800000, 0x00000000e8d00000, 0x0000000100000000)
  eden space 49152K, 0% used [0x00000000e0800000,0x00000000e0800000,0x00000000e3800000)
  from space 4096K, 78% used [0x00000000e3800000,0x00000000e3b25270,0x00000000e3c00000)
  to   space 18944K, 0% used [0x00000000e7a80000,0x00000000e7a80000,0x00000000e8d00000)
 ParOldGen       total 65536K, used 18503K [0x00000000a1800000, 0x00000000a5800000, 0x00000000e0800000)
  object space 65536K, 28% used [0x00000000a1800000,0x00000000a2a11ce8,0x00000000a5800000)
 Metaspace       used 10895K, capacity 11237K, committed 11520K, reserved 1058816K
  class space    used 1052K, capacity 1177K, committed 1280K, reserved 1048576K
}
Event: 1.829 GC heap before
{Heap before GC invocations=6 (full 0):
 PSYoungGen      total 53248K, used 52372K [0x00000000e0800000, 0x00000000e8d00000, 0x0000000100000000)
  eden space 49152K, 100% used [0x00000000e0800000,0x00000000e3800000,0x00000000e3800000)
  from space 4096K, 78% used [0x00000000e3800000,0x00000000e3b25270,0x00000000e3c00000)
  to   space 18944K, 0% used [0x00000000e7a80000,0x00000000e7a80000,0x00000000e8d00000)
 ParOldGen       total 65536K, used 18503K [0x00000000a1800000, 0x00000000a5800000, 0x00000000e0800000)
  object space 65536K, 28% used [0x00000000a1800000,0x00000000a2a11ce8,0x00000000a5800000)
 Metaspace       used 10895K, capacity 11237K, committed 11520K, reserved 1058816K
  class space    used 1052K, capacity 1177K, committed 1280K, reserved 1048576K
Event: 1.833 GC heap after
Heap after GC invocations=6 (full 0):
 PSYoungGen      total 116224K, used 1760K [0x00000000e0800000, 0x00000000e8c00000, 0x0000000100000000)
  eden space 98304K, 0% used [0x00000000e0800000,0x00000000e0800000,0x00000000e6800000)
  from space 17920K, 9% used [0x00000000e7a80000,0x00000000e7c380a0,0x00000000e8c00000)
  to   space 18432K, 0% used [0x00000000e6800000,0x00000000e6800000,0x00000000e7a00000)
 ParOldGen       total 65536K, used 18511K [0x00000000a1800000, 0x00000000a5800000, 0x00000000e0800000)
  object space 65536K, 28% used [0x00000000a1800000,0x00000000a2a13ce8,0x00000000a5800000)
 Metaspace       used 10895K, capacity 11237K, committed 11520K, reserved 1058816K
  class space    used 1052K, capacity 1177K, committed 1280K, reserved 1048576K
}
Event: 2.084 GC heap before
{Heap before GC invocations=7 (full 0):
 PSYoungGen      total 116224K, used 100064K [0x00000000e0800000, 0x00000000e8c00000, 0x0000000100000000)
  eden space 98304K, 100% used [0x00000000e0800000,0x00000000e6800000,0x00000000e6800000)
  from space 17920K, 9% used [0x00000000e7a80000,0x00000000e7c380a0,0x00000000e8c00000)
  to   space 18432K, 0% used [0x00000000e6800000,0x00000000e6800000,0x00000000e7a00000)
 ParOldGen       total 65536K, used 18511K [0x00000000a1800000, 0x00000000a5800000, 0x00000000e0800000)
  object space 65536K, 28% used [0x00000000a1800000,0x00000000a2a13ce8,0x00000000a5800000)
 Metaspace       used 10896K, capacity 11237K, committed 11520K, reserved 1058816K
  class space    used 1052K, capacity 1177K, committed 1280K, reserved 1048576K
Event: 2.088 GC heap after
Heap after GC invocations=7 (full 0):
 PSYoungGen      total 116736K, used 128K [0x00000000e0800000, 0x00000000eeb00000, 0x0000000100000000)
  eden space 98304K, 0% used [0x00000000e0800000,0x00000000e0800000,0x00000000e6800000)
  from space 18432K, 0% used [0x00000000e6800000,0x00000000e6820000,0x00000000e7a00000)
  to   space 17920K, 0% used [0x00000000ed980000,0x00000000ed980000,0x00000000eeb00000)
 ParOldGen       total 65536K, used 20178K [0x00000000a1800000, 0x00000000a5800000, 0x00000000e0800000)
  object space 65536K, 30% used [0x00000000a1800000,0x00000000a2bb4bf0,0x00000000a5800000)
 Metaspace       used 10896K, capacity 11237K, committed 11520K, reserved 1058816K
  class space    used 1052K, capacity 1177K, committed 1280K, reserved 1048576K
}

