# JRE version: Java(TM) SE Runtime Environment (8.0_171-b11) (build 1.8.0_171-b11)
# Java VM: Java HotSpot(TM) 64-Bit Server VM (25.171-b11 mixed mode windows-amd64 compressed oops)
Heap:
 PSYoungGen      total 28672K, used 17409K [0x00000000e0800000, 0x00000000e4000000, 0x0000000100000000)
  eden space 24576K, 54% used [0x00000000e0800000,0x00000000e1506f00,0x00000000e2000000)
  from space 4096K, 99% used [0x00000000e2400000,0x00000000e27f9790,0x00000000e2800000)
  to   space 4096K, 0% used [0x00000000e2000000,0x00000000e2000000,0x00000000e2400000)
 ParOldGen       total 65536K, used 19193K [0x00000000a1800000, 0x00000000a5800000, 0x00000000e0800000)
  object space 65536K, 29% used [0x00000000a1800000,0x00000000a2abe460,0x00000000a5800000)
 Metaspace       used 12425K, capacity 12689K, committed 12928K, reserved 1060864K
  class space    used 1204K, capacity 1319K, committed 1408K, reserved 1048576K
GC Heap History (4 events):
Event: 1.245 GC heap before
{Heap before GC invocations=1 (full 0):
 PSYoungGen      total 28672K, used 24045K [0x00000000e0800000, 0x00000000e2800000, 0x0000000100000000)
  eden space 24576K, 97% used [0x00000000e0800000,0x00000000e1f7b7e8,0x00000000e2000000)
  from space 4096K, 0% used [0x00000000e2400000,0x00000000e2400000,0x00000000e2800000)
  to   space 4096K, 0% used [0x00000000e2000000,0x00000000e2000000,0x00000000e2400000)
 ParOldGen       total 65536K, used 0K [0x00000000a1800000, 0x00000000a5800000, 0x00000000e0800000)
  object space 65536K, 0% used [0x00000000a1800000,0x00000000a1800000,0x00000000a5800000)
 Metaspace       used 10274K, capacity 10527K, committed 10624K, reserved 1058816K
  class space    used 973K, capacity 1072K, committed 1152K, reserved 1048576K
Event: 1.253 GC heap after
Heap after GC invocations=1 (full 0):
 PSYoungGen      total 28672K, used 4086K [0x00000000e0800000, 0x00000000e2800000, 0x0000000100000000)
  eden space 24576K, 0% used [0x00000000e0800000,0x00000000e0800000,0x00000000e2000000)
  from space 4096K, 99% used [0x00000000e2000000,0x00000000e23fdba8,0x00000000e2400000)
  to   space 4096K, 0% used [0x00000000e2400000,0x00000000e2400000,0x00000000e2800000)
 ParOldGen       total 65536K, used 5289K [0x00000000a1800000, 0x00000000a5800000, 0x00000000e0800000)
  object space 65536K, 8% used [0x00000000a1800000,0x00000000a1d2a440,0x00000000a5800000)
 Metaspace       used 10274K, capacity 10527K, committed 10624K, reserved 1058816K
  class space    used 973K, capacity 1072K, committed 1152K, reserved 1048576K
}
Event: 1.597 GC heap before
{Heap before GC invocations=2 (full 0):
 PSYoungGen      total 28672K, used 26300K [0x00000000e0800000, 0x00000000e2800000, 0x0000000100000000)
  eden space 24576K, 90% used [0x00000000e0800000,0x00000000e1db1698,0x00000000e2000000)
  from space 4096K, 99% used [0x00000000e2000000,0x00000000e23fdba8,0x00000000e2400000)
  to   space 4096K, 0% used [0x00000000e2400000,0x00000000e2400000,0x00000000e2800000)
 ParOldGen       total 65536K, used 5289K [0x00000000a1800000, 0x00000000a5800000, 0x00000000e0800000)
  object space 65536K, 8% used [0x00000000a1800000,0x00000000a1d2a440,0x00000000a5800000)
 Metaspace       used 12180K, capacity 12465K, committed 12544K, reserved 1060864K
  class space    used 1172K, capacity 1269K, committed 1280K, reserved 1048576K
Event: 1.611 GC heap after
Heap after GC invocations=2 (full 0):
 PSYoungGen      total 28672K, used 4069K [0x00000000e0800000, 0x00000000e4000000, 0x0000000100000000)
  eden space 24576K, 0% used [0x00000000e0800000,0x00000000e0800000,0x00000000e2000000)
  from space 4096K, 99% used [0x00000000e2400000,0x00000000e27f9790,0x00000000e2800000)
  to   space 4096K, 0% used [0x00000000e2000000,0x00000000e2000000,0x00000000e2400000)
 ParOldGen       total 65536K, used 19193K [0x00000000a1800000, 0x00000000a5800000, 0x00000000e0800000)
  object space 65536K, 29% used [0x00000000a1800000,0x00000000a2abe460,0x00000000a5800000)
 Metaspace       used 12180K, capacity 12465K, committed 12544K, reserved 1060864K
  class space    used 1172K, capacity 1269K, committed 1280K, reserved 1048576K
}

